<?xml version="1.0" encoding="UTF-8"?>
<!-- Generated by org.testng.reporters.JUnitReportReporter -->
<testsuite hostname="DESKTOP-NK5J02L" failures="0" tests="1" name="ram.Alerts" time="16.606" errors="0" timestamp="2024-02-25T13:28:23 IST" skipped="0">
  <testcase classname="ram.Alerts" name="alert" time="16.606"/>
</testsuite> <!-- ram.Alerts -->
