<?xml version="1.0" encoding="UTF-8"?>
<!-- Generated by org.testng.reporters.JUnitReportReporter -->
<testsuite hostname="DESKTOP-NK5J02L" failures="0" tests="3" name="ram.Seleniuam" time="15.857" errors="0" timestamp="2024-02-25T13:18:44 IST" skipped="0">
  <testcase classname="ram.Seleniuam" name="r" time="10.249"/>
  <testcase classname="ram.Seleniuam" name="q" time="2.118"/>
  <testcase classname="ram.Seleniuam" name="alert" time="3.490"/>
</testsuite> <!-- ram.Seleniuam -->
