<?xml version="1.0" encoding="UTF-8"?>
<!-- Generated by org.testng.reporters.JUnitReportReporter -->
<testsuite hostname="DESKTOP-NK5J02L" failures="0" tests="1" name="ram.Frames" time="27.652" errors="0" timestamp="2024-02-25T13:54:30 IST" skipped="0">
  <testcase classname="ram.Frames" name="frames" time="27.652"/>
</testsuite> <!-- ram.Frames -->
